This file contains any messages produced by compilers while
running configure, to aid debugging if configure makes a mistake.

It was created by deskbar configure 0.2, which was
generated by GNU Autoconf 2.59.  Invocation command line was

  $ ./configure --enable-battery --enable-debug --disable-xmms

## --------- ##
## Platform. ##
## --------- ##

hostname = tallon
uname -m = i686
uname -r = 2.6.12
uname -s = Linux
uname -v = #3 Thu Jul 14 21:32:46 CEST 2005

/usr/bin/uname -p = Intel(R) Pentium(R) 4 CPU 2.80GHz
/bin/uname -X     = unknown

/bin/arch              = i686
/usr/bin/arch -k       = unknown
/usr/convex/getsysinfo = unknown
hostinfo               = unknown
/bin/machine           = unknown
/usr/bin/oslevel       = unknown
/bin/universe          = unknown

PATH: /usr/local/bin
PATH: /usr/bin
PATH: /bin
PATH: /opt/bin
PATH: /usr/i686-pc-linux-gnu/gcc-bin/3.3.5-20050130
PATH: /opt/blackdown-jdk-1.4.2.02/bin
PATH: /opt/blackdown-jdk-1.4.2.02/jre/bin
PATH: /usr/qt/3/bin
PATH: /usr/games/bin
PATH: /home/unexist/bin/


## ----------- ##
## Core tests. ##
## ----------- ##

configure:1577: checking for a BSD-compatible install
configure:1632: result: /usr/bin/install -c
configure:1643: checking whether build environment is sane
configure:1686: result: yes
configure:1751: checking for gawk
configure:1767: found /usr/bin/gawk
configure:1777: result: gawk
configure:1787: checking whether make sets $(MAKE)
configure:1807: result: yes
configure:2016: checking for gcc
configure:2032: found /usr/bin/gcc
configure:2042: result: gcc
configure:2286: checking for C compiler version
configure:2289: gcc --version </dev/null >&5
gcc (GCC) 3.3.5-20050130 (Gentoo Linux 3.3.5.20050130-r1, ssp-3.3.5.20050130-1, pie-8.7.7.1)
Copyright (C) 2003 Free Software Foundation, Inc.
This is free software; see the source for copying conditions.  There is NO
warranty; not even for MERCHANTABILITY or FITNESS FOR A PARTICULAR PURPOSE.

configure:2292: $? = 0
configure:2294: gcc -v </dev/null >&5
Reading specs from /usr/lib/gcc-lib/i686-pc-linux-gnu/3.3.5-20050130/specs
Configured with: /var/tmp/portage/gcc-3.3.5.20050130-r1/work/gcc-3.3.5/configure --enable-version-specific-runtime-libs --prefix=/usr --bindir=/usr/i686-pc-linux-gnu/gcc-bin/3.3.5-20050130 --includedir=/usr/lib/gcc-lib/i686-pc-linux-gnu/3.3.5-20050130/include --datadir=/usr/share/gcc-data/i686-pc-linux-gnu/3.3.5-20050130 --mandir=/usr/share/gcc-data/i686-pc-linux-gnu/3.3.5-20050130/man --infodir=/usr/share/gcc-data/i686-pc-linux-gnu/3.3.5-20050130/info --with-gxx-include-dir=/usr/lib/gcc-lib/i686-pc-linux-gnu/3.3.5-20050130/include/g++-v3 --host=i686-pc-linux-gnu --disable-altivec --disable-nls --with-system-zlib --disable-checking --disable-werror --disable-libunwind-exceptions --disable-multilib --disable-libgcj --enable-languages=c,c++,f77 --enable-shared --enable-threads=posix --enable-__cxa_atexit --enable-clocale=gnu
Thread model: posix
gcc version 3.3.5-20050130 (Gentoo Linux 3.3.5.20050130-r1, ssp-3.3.5.20050130-1, pie-8.7.7.1)
configure:2297: $? = 0
configure:2299: gcc -V </dev/null >&5
gcc: `-V' option must have argument
configure:2302: $? = 1
configure:2325: checking for C compiler default output file name
configure:2328: gcc    conftest.c  >&5
configure:2331: $? = 0
configure:2377: result: a.out
configure:2382: checking whether the C compiler works
configure:2388: ./a.out
configure:2391: $? = 0
configure:2408: result: yes
configure:2415: checking whether we are cross compiling
configure:2417: result: no
configure:2420: checking for suffix of executables
configure:2422: gcc -o conftest    conftest.c  >&5
configure:2425: $? = 0
configure:2450: result: 
configure:2456: checking for suffix of object files
configure:2477: gcc -c   conftest.c >&5
configure:2480: $? = 0
configure:2502: result: o
configure:2506: checking whether we are using the GNU C compiler
configure:2530: gcc -c   conftest.c >&5
configure:2536: $? = 0
configure:2540: test -z 
			 || test ! -s conftest.err
configure:2543: $? = 0
configure:2546: test -s conftest.o
configure:2549: $? = 0
configure:2562: result: yes
configure:2568: checking whether gcc accepts -g
configure:2589: gcc -c -g  conftest.c >&5
configure:2595: $? = 0
configure:2599: test -z 
			 || test ! -s conftest.err
configure:2602: $? = 0
configure:2605: test -s conftest.o
configure:2608: $? = 0
configure:2619: result: yes
configure:2636: checking for gcc option to accept ANSI C
configure:2706: gcc  -c -g -O2  conftest.c >&5
configure:2712: $? = 0
configure:2716: test -z 
			 || test ! -s conftest.err
configure:2719: $? = 0
configure:2722: test -s conftest.o
configure:2725: $? = 0
configure:2743: result: none needed
configure:2761: gcc -c -g -O2  conftest.c >&5
conftest.c:2: error: syntax error before "me"
configure:2767: $? = 1
configure: failed program was:
| #ifndef __cplusplus
|   choke me
| #endif
configure:2911: checking for style of include used by make
configure:2939: result: GNU
configure:2967: checking dependency style of gcc
configure:3057: result: gcc3
configure:3087: checking for a BSD-compatible install
configure:3142: result: /usr/bin/install -c
configure:3153: checking whether ln -s works
configure:3157: result: yes
configure:3164: checking whether make sets $(MAKE)
configure:3184: result: yes
configure:3201: checking how to run the C preprocessor
configure:3236: gcc -E  conftest.c
configure:3242: $? = 0
configure:3274: gcc -E  conftest.c
conftest.c:9:28: ac_nonexistent.h: No such file or directory
configure:3280: $? = 1
configure: failed program was:
| /* confdefs.h.  */
| 
| #define PACKAGE_NAME "deskbar"
| #define PACKAGE_TARNAME "deskbar"
| #define PACKAGE_VERSION "0.2"
| #define PACKAGE_STRING "deskbar 0.2"
| #define PACKAGE_BUGREPORT "unexist@hilflos.org"
| /* end confdefs.h.  */
| #include <ac_nonexistent.h>
configure:3319: result: gcc -E
configure:3343: gcc -E  conftest.c
configure:3349: $? = 0
configure:3381: gcc -E  conftest.c
conftest.c:9:28: ac_nonexistent.h: No such file or directory
configure:3387: $? = 1
configure: failed program was:
| /* confdefs.h.  */
| 
| #define PACKAGE_NAME "deskbar"
| #define PACKAGE_TARNAME "deskbar"
| #define PACKAGE_VERSION "0.2"
| #define PACKAGE_STRING "deskbar 0.2"
| #define PACKAGE_BUGREPORT "unexist@hilflos.org"
| /* end confdefs.h.  */
| #include <ac_nonexistent.h>
configure:3431: checking for X
configure:3536: gcc -E  conftest.c
configure:3542: $? = 0
configure:3592: gcc -o conftest -g -O2   conftest.c -lXt  >&5
configure:3598: $? = 0
configure:3602: test -z 
			 || test ! -s conftest.err
configure:3605: $? = 0
configure:3608: test -s conftest
configure:3611: $? = 0
configure:3661: result: libraries , headers 
configure:3833: gcc -o conftest -g -O2   conftest.c   -lX11 >&5
configure:3839: $? = 0
configure:3843: test -z 
			 || test ! -s conftest.err
configure:3846: $? = 0
configure:3849: test -s conftest
configure:3852: $? = 0
configure:4010: checking for gethostbyname
configure:4067: gcc -o conftest -g -O2   conftest.c  >&5
configure:4073: $? = 0
configure:4077: test -z 
			 || test ! -s conftest.err
configure:4080: $? = 0
configure:4083: test -s conftest
configure:4086: $? = 0
configure:4098: result: yes
configure:4249: checking for connect
configure:4306: gcc -o conftest -g -O2   conftest.c  >&5
configure:4312: $? = 0
configure:4316: test -z 
			 || test ! -s conftest.err
configure:4319: $? = 0
configure:4322: test -s conftest
configure:4325: $? = 0
configure:4337: result: yes
configure:4412: checking for remove
configure:4469: gcc -o conftest -g -O2   conftest.c  >&5
configure:4475: $? = 0
configure:4479: test -z 
			 || test ! -s conftest.err
configure:4482: $? = 0
configure:4485: test -s conftest
configure:4488: $? = 0
configure:4500: result: yes
configure:4575: checking for shmat
configure:4632: gcc -o conftest -g -O2   conftest.c  >&5
configure:4638: $? = 0
configure:4642: test -z 
			 || test ! -s conftest.err
configure:4645: $? = 0
configure:4648: test -s conftest
configure:4651: $? = 0
configure:4663: result: yes
configure:4747: checking for IceConnectionNumber in -lICE
configure:4777: gcc -o conftest -g -O2   conftest.c -lICE   >&5
configure:4783: $? = 0
configure:4787: test -z 
			 || test ! -s conftest.err
configure:4790: $? = 0
configure:4793: test -s conftest
configure:4796: $? = 0
configure:4809: result: yes
configure:4827: checking for dirent.h that defines DIR
configure:4851: gcc -c -g -O2  conftest.c >&5
configure:4857: $? = 0
configure:4861: test -z 
			 || test ! -s conftest.err
configure:4864: $? = 0
configure:4867: test -s conftest.o
configure:4870: $? = 0
configure:4881: result: yes
configure:4894: checking for library containing opendir
configure:4924: gcc -o conftest -g -O2   conftest.c  >&5
configure:4930: $? = 0
configure:4934: test -z 
			 || test ! -s conftest.err
configure:4937: $? = 0
configure:4940: test -s conftest
configure:4943: $? = 0
configure:5013: result: none required
configure:5149: checking for egrep
configure:5159: result: grep -E
configure:5164: checking for ANSI C header files
configure:5189: gcc -c -g -O2  conftest.c >&5
configure:5195: $? = 0
configure:5199: test -z 
			 || test ! -s conftest.err
configure:5202: $? = 0
configure:5205: test -s conftest.o
configure:5208: $? = 0
configure:5297: gcc -o conftest -g -O2   conftest.c  >&5
configure:5300: $? = 0
configure:5302: ./conftest
configure:5305: $? = 0
configure:5320: result: yes
configure:5344: checking for sys/types.h
configure:5360: gcc -c -g -O2  conftest.c >&5
configure:5366: $? = 0
configure:5370: test -z 
			 || test ! -s conftest.err
configure:5373: $? = 0
configure:5376: test -s conftest.o
configure:5379: $? = 0
configure:5390: result: yes
configure:5344: checking for sys/stat.h
configure:5360: gcc -c -g -O2  conftest.c >&5
configure:5366: $? = 0
configure:5370: test -z 
			 || test ! -s conftest.err
configure:5373: $? = 0
configure:5376: test -s conftest.o
configure:5379: $? = 0
configure:5390: result: yes
configure:5344: checking for stdlib.h
configure:5360: gcc -c -g -O2  conftest.c >&5
configure:5366: $? = 0
configure:5370: test -z 
			 || test ! -s conftest.err
configure:5373: $? = 0
configure:5376: test -s conftest.o
configure:5379: $? = 0
configure:5390: result: yes
configure:5344: checking for string.h
configure:5360: gcc -c -g -O2  conftest.c >&5
configure:5366: $? = 0
configure:5370: test -z 
			 || test ! -s conftest.err
configure:5373: $? = 0
configure:5376: test -s conftest.o
configure:5379: $? = 0
configure:5390: result: yes
configure:5344: checking for memory.h
configure:5360: gcc -c -g -O2  conftest.c >&5
configure:5366: $? = 0
configure:5370: test -z 
			 || test ! -s conftest.err
configure:5373: $? = 0
configure:5376: test -s conftest.o
configure:5379: $? = 0
configure:5390: result: yes
configure:5344: checking for strings.h
configure:5360: gcc -c -g -O2  conftest.c >&5
configure:5366: $? = 0
configure:5370: test -z 
			 || test ! -s conftest.err
configure:5373: $? = 0
configure:5376: test -s conftest.o
configure:5379: $? = 0
configure:5390: result: yes
configure:5344: checking for inttypes.h
configure:5360: gcc -c -g -O2  conftest.c >&5
configure:5366: $? = 0
configure:5370: test -z 
			 || test ! -s conftest.err
configure:5373: $? = 0
configure:5376: test -s conftest.o
configure:5379: $? = 0
configure:5390: result: yes
configure:5344: checking for stdint.h
configure:5360: gcc -c -g -O2  conftest.c >&5
configure:5366: $? = 0
configure:5370: test -z 
			 || test ! -s conftest.err
configure:5373: $? = 0
configure:5376: test -s conftest.o
configure:5379: $? = 0
configure:5390: result: yes
configure:5344: checking for unistd.h
configure:5360: gcc -c -g -O2  conftest.c >&5
configure:5366: $? = 0
configure:5370: test -z 
			 || test ! -s conftest.err
configure:5373: $? = 0
configure:5376: test -s conftest.o
configure:5379: $? = 0
configure:5390: result: yes
configure:5421: checking fcntl.h usability
configure:5433: gcc -c -g -O2  conftest.c >&5
configure:5439: $? = 0
configure:5443: test -z 
			 || test ! -s conftest.err
configure:5446: $? = 0
configure:5449: test -s conftest.o
configure:5452: $? = 0
configure:5462: result: yes
configure:5466: checking fcntl.h presence
configure:5476: gcc -E  conftest.c
configure:5482: $? = 0
configure:5502: result: yes
configure:5537: checking for fcntl.h
configure:5544: result: yes
configure:5421: checking limits.h usability
configure:5433: gcc -c -g -O2  conftest.c >&5
configure:5439: $? = 0
configure:5443: test -z 
			 || test ! -s conftest.err
configure:5446: $? = 0
configure:5449: test -s conftest.o
configure:5452: $? = 0
configure:5462: result: yes
configure:5466: checking limits.h presence
configure:5476: gcc -E  conftest.c
configure:5482: $? = 0
configure:5502: result: yes
configure:5537: checking for limits.h
configure:5544: result: yes
configure:5421: checking malloc.h usability
configure:5433: gcc -c -g -O2  conftest.c >&5
configure:5439: $? = 0
configure:5443: test -z 
			 || test ! -s conftest.err
configure:5446: $? = 0
configure:5449: test -s conftest.o
configure:5452: $? = 0
configure:5462: result: yes
configure:5466: checking malloc.h presence
configure:5476: gcc -E  conftest.c
configure:5482: $? = 0
configure:5502: result: yes
configure:5537: checking for malloc.h
configure:5544: result: yes
configure:5412: checking for memory.h
configure:5417: result: yes
configure:5421: checking sys/time.h usability
configure:5433: gcc -c -g -O2  conftest.c >&5
configure:5439: $? = 0
configure:5443: test -z 
			 || test ! -s conftest.err
configure:5446: $? = 0
configure:5449: test -s conftest.o
configure:5452: $? = 0
configure:5462: result: yes
configure:5466: checking sys/time.h presence
configure:5476: gcc -E  conftest.c
configure:5482: $? = 0
configure:5502: result: yes
configure:5537: checking for sys/time.h
configure:5544: result: yes
configure:5412: checking for unistd.h
configure:5417: result: yes
configure:5559: checking for an ANSI C-conforming const
configure:5626: gcc -c -g -O2  conftest.c >&5
configure:5632: $? = 0
configure:5636: test -z 
			 || test ! -s conftest.err
configure:5639: $? = 0
configure:5642: test -s conftest.o
configure:5645: $? = 0
configure:5656: result: yes
configure:5666: checking for size_t
configure:5690: gcc -c -g -O2  conftest.c >&5
configure:5696: $? = 0
configure:5700: test -z 
			 || test ! -s conftest.err
configure:5703: $? = 0
configure:5706: test -s conftest.o
configure:5709: $? = 0
configure:5720: result: yes
configure:5732: checking whether time.h and sys/time.h may both be included
configure:5757: gcc -c -g -O2  conftest.c >&5
configure:5763: $? = 0
configure:5767: test -z 
			 || test ! -s conftest.err
configure:5770: $? = 0
configure:5773: test -s conftest.o
configure:5776: $? = 0
configure:5787: result: yes
configure:5797: checking whether struct tm is in sys/time.h or time.h
configure:5820: gcc -c -g -O2  conftest.c >&5
configure:5826: $? = 0
configure:5830: test -z 
			 || test ! -s conftest.err
configure:5833: $? = 0
configure:5836: test -s conftest.o
configure:5839: $? = 0
configure:5850: result: time.h
configure:5862: checking whether closedir returns void
configure:5891: gcc -o conftest -g -O2   conftest.c  >&5
configure:5894: $? = 0
configure:5896: ./conftest
configure:5899: $? = 0
configure:5913: result: no
configure:5925: checking for working alloca.h
configure:5946: gcc -o conftest -g -O2   conftest.c  >&5
configure:5952: $? = 0
configure:5956: test -z 
			 || test ! -s conftest.err
configure:5959: $? = 0
configure:5962: test -s conftest
configure:5965: $? = 0
configure:5977: result: yes
configure:5987: checking for alloca
configure:6028: gcc -o conftest -g -O2   conftest.c  >&5
configure:6034: $? = 0
configure:6038: test -z 
			 || test ! -s conftest.err
configure:6041: $? = 0
configure:6044: test -s conftest
configure:6047: $? = 0
configure:6059: result: yes
configure:6282: checking for mbstate_t
configure:6304: gcc -c -g -O2  conftest.c >&5
configure:6310: $? = 0
configure:6314: test -z 
			 || test ! -s conftest.err
configure:6317: $? = 0
configure:6320: test -s conftest.o
configure:6323: $? = 0
configure:6334: result: yes
configure:6349: checking for working POSIX fnmatch
configure:6387: gcc -o conftest -g -O2   conftest.c  >&5
configure:6390: $? = 0
configure:6392: ./conftest
configure:6395: $? = 0
configure:6409: result: yes
configure:6762: checking for pid_t
configure:6786: gcc -c -g -O2  conftest.c >&5
configure:6792: $? = 0
configure:6796: test -z 
			 || test ! -s conftest.err
configure:6799: $? = 0
configure:6802: test -s conftest.o
configure:6805: $? = 0
configure:6816: result: yes
configure:6834: checking for unistd.h
configure:6839: result: yes
configure:6843: checking vfork.h usability
configure:6855: gcc -c -g -O2  conftest.c >&5
conftest.c:65:19: vfork.h: No such file or directory
configure:6861: $? = 1
configure: failed program was:
| /* confdefs.h.  */
| 
| #define PACKAGE_NAME "deskbar"
| #define PACKAGE_TARNAME "deskbar"
| #define PACKAGE_VERSION "0.2"
| #define PACKAGE_STRING "deskbar 0.2"
| #define PACKAGE_BUGREPORT "unexist@hilflos.org"
| #define HAVE_DIRENT_H 1
| #define STDC_HEADERS 1
| #define HAVE_SYS_TYPES_H 1
| #define HAVE_SYS_STAT_H 1
| #define HAVE_STDLIB_H 1
| #define HAVE_STRING_H 1
| #define HAVE_MEMORY_H 1
| #define HAVE_STRINGS_H 1
| #define HAVE_INTTYPES_H 1
| #define HAVE_STDINT_H 1
| #define HAVE_UNISTD_H 1
| #define HAVE_FCNTL_H 1
| #define HAVE_LIMITS_H 1
| #define HAVE_MALLOC_H 1
| #define HAVE_MEMORY_H 1
| #define HAVE_SYS_TIME_H 1
| #define HAVE_UNISTD_H 1
| #define TIME_WITH_SYS_TIME 1
| #define HAVE_ALLOCA_H 1
| #define HAVE_ALLOCA 1
| #define HAVE_MBSTATE_T 1
| #define HAVE_UNISTD_H 1
| /* end confdefs.h.  */
| #include <stdio.h>
| #if HAVE_SYS_TYPES_H
| # include <sys/types.h>
| #endif
| #if HAVE_SYS_STAT_H
| # include <sys/stat.h>
| #endif
| #if STDC_HEADERS
| # include <stdlib.h>
| # include <stddef.h>
| #else
| # if HAVE_STDLIB_H
| #  include <stdlib.h>
| # endif
| #endif
| #if HAVE_STRING_H
| # if !STDC_HEADERS && HAVE_MEMORY_H
| #  include <memory.h>
| # endif
| # include <string.h>
| #endif
| #if HAVE_STRINGS_H
| # include <strings.h>
| #endif
| #if HAVE_INTTYPES_H
| # include <inttypes.h>
| #else
| # if HAVE_STDINT_H
| #  include <stdint.h>
| # endif
| #endif
| #if HAVE_UNISTD_H
| # include <unistd.h>
| #endif
| #include <vfork.h>
configure:6884: result: no
configure:6888: checking vfork.h presence
configure:6898: gcc -E  conftest.c
conftest.c:31:19: vfork.h: No such file or directory
configure:6904: $? = 1
configure: failed program was:
| /* confdefs.h.  */
| 
| #define PACKAGE_NAME "deskbar"
| #define PACKAGE_TARNAME "deskbar"
| #define PACKAGE_VERSION "0.2"
| #define PACKAGE_STRING "deskbar 0.2"
| #define PACKAGE_BUGREPORT "unexist@hilflos.org"
| #define HAVE_DIRENT_H 1
| #define STDC_HEADERS 1
| #define HAVE_SYS_TYPES_H 1
| #define HAVE_SYS_STAT_H 1
| #define HAVE_STDLIB_H 1
| #define HAVE_STRING_H 1
| #define HAVE_MEMORY_H 1
| #define HAVE_STRINGS_H 1
| #define HAVE_INTTYPES_H 1
| #define HAVE_STDINT_H 1
| #define HAVE_UNISTD_H 1
| #define HAVE_FCNTL_H 1
| #define HAVE_LIMITS_H 1
| #define HAVE_MALLOC_H 1
| #define HAVE_MEMORY_H 1
| #define HAVE_SYS_TIME_H 1
| #define HAVE_UNISTD_H 1
| #define TIME_WITH_SYS_TIME 1
| #define HAVE_ALLOCA_H 1
| #define HAVE_ALLOCA 1
| #define HAVE_MBSTATE_T 1
| #define HAVE_UNISTD_H 1
| /* end confdefs.h.  */
| #include <vfork.h>
configure:6924: result: no
configure:6959: checking for vfork.h
configure:6966: result: no
configure:6984: checking for fork
configure:7041: gcc -o conftest -g -O2   conftest.c  >&5
configure:7047: $? = 0
configure:7051: test -z 
			 || test ! -s conftest.err
configure:7054: $? = 0
configure:7057: test -s conftest
configure:7060: $? = 0
configure:7072: result: yes
configure:6984: checking for vfork
configure:7041: gcc -o conftest -g -O2   conftest.c  >&5
configure:7047: $? = 0
configure:7051: test -z 
			 || test ! -s conftest.err
configure:7054: $? = 0
configure:7057: test -s conftest
configure:7060: $? = 0
configure:7072: result: yes
configure:7083: checking for working fork
configure:7106: gcc -o conftest -g -O2   conftest.c  >&5
configure:7109: $? = 0
configure:7111: ./conftest
configure:7114: $? = 0
configure:7128: result: yes
configure:7149: checking for working vfork
configure:7282: result: yes
configure:7318: checking for stdlib.h
configure:7323: result: yes
configure:7463: checking for GNU libc compatible malloc
configure:7492: gcc -o conftest -g -O2   conftest.c  >&5
configure:7495: $? = 0
configure:7497: ./conftest
configure:7500: $? = 0
configure:7514: result: yes
configure:7549: checking for stdlib.h
configure:7554: result: yes
configure:7694: checking for GNU libc compatible realloc
configure:7723: gcc -o conftest -g -O2   conftest.c  >&5
configure:7726: $? = 0
configure:7728: ./conftest
configure:7731: $? = 0
configure:7745: result: yes
configure:7790: checking sys/select.h usability
configure:7802: gcc -c -g -O2  conftest.c >&5
configure:7808: $? = 0
configure:7812: test -z 
			 || test ! -s conftest.err
configure:7815: $? = 0
configure:7818: test -s conftest.o
configure:7821: $? = 0
configure:7831: result: yes
configure:7835: checking sys/select.h presence
configure:7845: gcc -E  conftest.c
configure:7851: $? = 0
configure:7871: result: yes
configure:7906: checking for sys/select.h
configure:7913: result: yes
configure:7790: checking sys/socket.h usability
configure:7802: gcc -c -g -O2  conftest.c >&5
configure:7808: $? = 0
configure:7812: test -z 
			 || test ! -s conftest.err
configure:7815: $? = 0
configure:7818: test -s conftest.o
configure:7821: $? = 0
configure:7831: result: yes
configure:7835: checking sys/socket.h presence
configure:7845: gcc -E  conftest.c
configure:7851: $? = 0
configure:7871: result: yes
configure:7906: checking for sys/socket.h
configure:7913: result: yes
configure:7926: checking types of arguments for select
configure:7959: gcc -c -g -O2  conftest.c >&5
configure:7965: $? = 0
configure:7969: test -z 
			 || test ! -s conftest.err
configure:7972: $? = 0
configure:7975: test -s conftest.o
configure:7978: $? = 0
configure:7994: result: int,fd_set *,struct timeval *
configure:8017: checking return type of signal handlers
configure:8048: gcc -c -g -O2  conftest.c >&5
configure:8054: $? = 0
configure:8058: test -z 
			 || test ! -s conftest.err
configure:8061: $? = 0
configure:8064: test -s conftest.o
configure:8067: $? = 0
configure:8078: result: void
configure:8090: checking for strftime
configure:8147: gcc -o conftest -g -O2   conftest.c  >&5
configure:8153: $? = 0
configure:8157: test -z 
			 || test ! -s conftest.err
configure:8160: $? = 0
configure:8163: test -s conftest
configure:8166: $? = 0
configure:8178: result: yes
configure:8273: checking for gettimeofday
configure:8330: gcc -o conftest -g -O2   conftest.c  >&5
configure:8336: $? = 0
configure:8340: test -z 
			 || test ! -s conftest.err
configure:8343: $? = 0
configure:8346: test -s conftest
configure:8349: $? = 0
configure:8361: result: yes
configure:8273: checking for memmove
configure:8330: gcc -o conftest -g -O2   conftest.c  >&5
configure:8336: $? = 0
configure:8340: test -z 
			 || test ! -s conftest.err
configure:8343: $? = 0
configure:8346: test -s conftest
configure:8349: $? = 0
configure:8361: result: yes
configure:8273: checking for memset
configure:8330: gcc -o conftest -g -O2   conftest.c  >&5
conftest.c:72: warning: conflicting types for built-in function `memset'
configure:8336: $? = 0
configure:8340: test -z 
			 || test ! -s conftest.err
configure:8343: $? = 0
configure:8346: test -s conftest
configure:8349: $? = 0
configure:8361: result: yes
configure:8273: checking for select
configure:8330: gcc -o conftest -g -O2   conftest.c  >&5
configure:8336: $? = 0
configure:8340: test -z 
			 || test ! -s conftest.err
configure:8343: $? = 0
configure:8346: test -s conftest
configure:8349: $? = 0
configure:8361: result: yes
configure:8273: checking for strchr
configure:8330: gcc -o conftest -g -O2   conftest.c  >&5
conftest.c:74: warning: conflicting types for built-in function `strchr'
configure:8336: $? = 0
configure:8340: test -z 
			 || test ! -s conftest.err
configure:8343: $? = 0
configure:8346: test -s conftest
configure:8349: $? = 0
configure:8361: result: yes
configure:8273: checking for strdup
configure:8330: gcc -o conftest -g -O2   conftest.c  >&5
configure:8336: $? = 0
configure:8340: test -z 
			 || test ! -s conftest.err
configure:8343: $? = 0
configure:8346: test -s conftest
configure:8349: $? = 0
configure:8361: result: yes
configure:8273: checking for strerror
configure:8330: gcc -o conftest -g -O2   conftest.c  >&5
configure:8336: $? = 0
configure:8340: test -z 
			 || test ! -s conftest.err
configure:8343: $? = 0
configure:8346: test -s conftest
configure:8349: $? = 0
configure:8361: result: yes
configure:8273: checking for strrchr
configure:8330: gcc -o conftest -g -O2   conftest.c  >&5
conftest.c:77: warning: conflicting types for built-in function `strrchr'
configure:8336: $? = 0
configure:8340: test -z 
			 || test ! -s conftest.err
configure:8343: $? = 0
configure:8346: test -s conftest
configure:8349: $? = 0
configure:8361: result: yes
configure:8455: checking build system type
configure:8473: result: i686-pc-linux-gnu
configure:8481: checking host system type
configure:8495: result: i686-pc-linux-gnu
configure:8503: checking for a sed that does not truncate output
configure:8557: result: /usr/bin/sed
configure:8571: checking for ld used by gcc
configure:8638: result: /usr/i686-pc-linux-gnu/bin/ld
configure:8647: checking if the linker (/usr/i686-pc-linux-gnu/bin/ld) is GNU ld
configure:8662: result: yes
configure:8667: checking for /usr/i686-pc-linux-gnu/bin/ld option to reload object files
configure:8674: result: -r
configure:8692: checking for BSD-compatible nm
configure:8734: result: /usr/bin/nm -B
configure:8738: checking how to recognise dependent libraries
configure:8910: result: pass_all
configure:9041: gcc -c -g -O2  conftest.c >&5
configure:9044: $? = 0
configure:9150: checking dlfcn.h usability
configure:9162: gcc -c -g -O2  conftest.c >&5
configure:9168: $? = 0
configure:9172: test -z 
			 || test ! -s conftest.err
configure:9175: $? = 0
configure:9178: test -s conftest.o
configure:9181: $? = 0
configure:9191: result: yes
configure:9195: checking dlfcn.h presence
configure:9205: gcc -E  conftest.c
configure:9211: $? = 0
configure:9231: result: yes
configure:9266: checking for dlfcn.h
configure:9273: result: yes
configure:9338: checking for g++
configure:9354: found /usr/bin/g++
configure:9364: result: g++
configure:9380: checking for C++ compiler version
configure:9383: g++ --version </dev/null >&5
g++ (GCC) 3.3.5-20050130 (Gentoo Linux 3.3.5.20050130-r1, ssp-3.3.5.20050130-1, pie-8.7.7.1)
Copyright (C) 2003 Free Software Foundation, Inc.
This is free software; see the source for copying conditions.  There is NO
warranty; not even for MERCHANTABILITY or FITNESS FOR A PARTICULAR PURPOSE.

configure:9386: $? = 0
configure:9388: g++ -v </dev/null >&5
Reading specs from /usr/lib/gcc-lib/i686-pc-linux-gnu/3.3.5-20050130/specs
Configured with: /var/tmp/portage/gcc-3.3.5.20050130-r1/work/gcc-3.3.5/configure --enable-version-specific-runtime-libs --prefix=/usr --bindir=/usr/i686-pc-linux-gnu/gcc-bin/3.3.5-20050130 --includedir=/usr/lib/gcc-lib/i686-pc-linux-gnu/3.3.5-20050130/include --datadir=/usr/share/gcc-data/i686-pc-linux-gnu/3.3.5-20050130 --mandir=/usr/share/gcc-data/i686-pc-linux-gnu/3.3.5-20050130/man --infodir=/usr/share/gcc-data/i686-pc-linux-gnu/3.3.5-20050130/info --with-gxx-include-dir=/usr/lib/gcc-lib/i686-pc-linux-gnu/3.3.5-20050130/include/g++-v3 --host=i686-pc-linux-gnu --disable-altivec --disable-nls --with-system-zlib --disable-checking --disable-werror --disable-libunwind-exceptions --disable-multilib --disable-libgcj --enable-languages=c,c++,f77 --enable-shared --enable-threads=posix --enable-__cxa_atexit --enable-clocale=gnu
Thread model: posix
gcc version 3.3.5-20050130 (Gentoo Linux 3.3.5.20050130-r1, ssp-3.3.5.20050130-1, pie-8.7.7.1)
configure:9391: $? = 0
configure:9393: g++ -V </dev/null >&5
g++: `-V' option must have argument
configure:9396: $? = 1
configure:9399: checking whether we are using the GNU C++ compiler
configure:9423: g++ -c   conftest.cc >&5
configure:9429: $? = 0
configure:9433: test -z 
			 || test ! -s conftest.err
configure:9436: $? = 0
configure:9439: test -s conftest.o
configure:9442: $? = 0
configure:9455: result: yes
configure:9461: checking whether g++ accepts -g
configure:9482: g++ -c -g  conftest.cc >&5
configure:9488: $? = 0
configure:9492: test -z 
			 || test ! -s conftest.err
configure:9495: $? = 0
configure:9498: test -s conftest.o
configure:9501: $? = 0
configure:9512: result: yes
configure:9554: g++ -c -g -O2  conftest.cc >&5
configure:9560: $? = 0
configure:9564: test -z 
			 || test ! -s conftest.err
configure:9567: $? = 0
configure:9570: test -s conftest.o
configure:9573: $? = 0
configure:9599: g++ -c -g -O2  conftest.cc >&5
conftest.cc: In function `int main()':
conftest.cc:59: error: `exit' undeclared (first use this function)
conftest.cc:59: error: (Each undeclared identifier is reported only once for 
   each function it appears in.)
configure:9605: $? = 1
configure: failed program was:
| /* confdefs.h.  */
| 
| #define PACKAGE_NAME "deskbar"
| #define PACKAGE_TARNAME "deskbar"
| #define PACKAGE_VERSION "0.2"
| #define PACKAGE_STRING "deskbar 0.2"
| #define PACKAGE_BUGREPORT "unexist@hilflos.org"
| #define HAVE_DIRENT_H 1
| #define STDC_HEADERS 1
| #define HAVE_SYS_TYPES_H 1
| #define HAVE_SYS_STAT_H 1
| #define HAVE_STDLIB_H 1
| #define HAVE_STRING_H 1
| #define HAVE_MEMORY_H 1
| #define HAVE_STRINGS_H 1
| #define HAVE_INTTYPES_H 1
| #define HAVE_STDINT_H 1
| #define HAVE_UNISTD_H 1
| #define HAVE_FCNTL_H 1
| #define HAVE_LIMITS_H 1
| #define HAVE_MALLOC_H 1
| #define HAVE_MEMORY_H 1
| #define HAVE_SYS_TIME_H 1
| #define HAVE_UNISTD_H 1
| #define TIME_WITH_SYS_TIME 1
| #define HAVE_ALLOCA_H 1
| #define HAVE_ALLOCA 1
| #define HAVE_MBSTATE_T 1
| #define HAVE_UNISTD_H 1
| #define HAVE_FORK 1
| #define HAVE_VFORK 1
| #define HAVE_WORKING_VFORK 1
| #define HAVE_WORKING_FORK 1
| #define HAVE_STDLIB_H 1
| #define HAVE_MALLOC 1
| #define HAVE_STDLIB_H 1
| #define HAVE_REALLOC 1
| #define HAVE_SYS_SELECT_H 1
| #define HAVE_SYS_SOCKET_H 1
| #define SELECT_TYPE_ARG1 int
| #define SELECT_TYPE_ARG234 (fd_set *)
| #define SELECT_TYPE_ARG5 (struct timeval *)
| #define RETSIGTYPE void
| #define HAVE_STRFTIME 1
| #define HAVE_GETTIMEOFDAY 1
| #define HAVE_MEMMOVE 1
| #define HAVE_MEMSET 1
| #define HAVE_SELECT 1
| #define HAVE_STRCHR 1
| #define HAVE_STRDUP 1
| #define HAVE_STRERROR 1
| #define HAVE_STRRCHR 1
| #define HAVE_DLFCN_H 1
| /* end confdefs.h.  */
| 
| int
| main ()
| {
| exit (42);
|   ;
|   return 0;
| }
configure:9554: g++ -c -g -O2  conftest.cc >&5
configure:9560: $? = 0
configure:9564: test -z 
			 || test ! -s conftest.err
configure:9567: $? = 0
configure:9570: test -s conftest.o
configure:9573: $? = 0
configure:9599: g++ -c -g -O2  conftest.cc >&5
configure:9605: $? = 0
configure:9609: test -z 
			 || test ! -s conftest.err
configure:9612: $? = 0
configure:9615: test -s conftest.o
configure:9618: $? = 0
configure:9643: checking dependency style of g++
configure:9733: result: gcc3
configure:9760: checking how to run the C++ preprocessor
configure:9791: g++ -E  conftest.cc
configure:9797: $? = 0
configure:9829: g++ -E  conftest.cc
conftest.cc:58:28: ac_nonexistent.h: No such file or directory
configure:9835: $? = 1
configure: failed program was:
| /* confdefs.h.  */
| 
| #define PACKAGE_NAME "deskbar"
| #define PACKAGE_TARNAME "deskbar"
| #define PACKAGE_VERSION "0.2"
| #define PACKAGE_STRING "deskbar 0.2"
| #define PACKAGE_BUGREPORT "unexist@hilflos.org"
| #define HAVE_DIRENT_H 1
| #define STDC_HEADERS 1
| #define HAVE_SYS_TYPES_H 1
| #define HAVE_SYS_STAT_H 1
| #define HAVE_STDLIB_H 1
| #define HAVE_STRING_H 1
| #define HAVE_MEMORY_H 1
| #define HAVE_STRINGS_H 1
| #define HAVE_INTTYPES_H 1
| #define HAVE_STDINT_H 1
| #define HAVE_UNISTD_H 1
| #define HAVE_FCNTL_H 1
| #define HAVE_LIMITS_H 1
| #define HAVE_MALLOC_H 1
| #define HAVE_MEMORY_H 1
| #define HAVE_SYS_TIME_H 1
| #define HAVE_UNISTD_H 1
| #define TIME_WITH_SYS_TIME 1
| #define HAVE_ALLOCA_H 1
| #define HAVE_ALLOCA 1
| #define HAVE_MBSTATE_T 1
| #define HAVE_UNISTD_H 1
| #define HAVE_FORK 1
| #define HAVE_VFORK 1
| #define HAVE_WORKING_VFORK 1
| #define HAVE_WORKING_FORK 1
| #define HAVE_STDLIB_H 1
| #define HAVE_MALLOC 1
| #define HAVE_STDLIB_H 1
| #define HAVE_REALLOC 1
| #define HAVE_SYS_SELECT_H 1
| #define HAVE_SYS_SOCKET_H 1
| #define SELECT_TYPE_ARG1 int
| #define SELECT_TYPE_ARG234 (fd_set *)
| #define SELECT_TYPE_ARG5 (struct timeval *)
| #define RETSIGTYPE void
| #define HAVE_STRFTIME 1
| #define HAVE_GETTIMEOFDAY 1
| #define HAVE_MEMMOVE 1
| #define HAVE_MEMSET 1
| #define HAVE_SELECT 1
| #define HAVE_STRCHR 1
| #define HAVE_STRDUP 1
| #define HAVE_STRERROR 1
| #define HAVE_STRRCHR 1
| #define HAVE_DLFCN_H 1
| #ifdef __cplusplus
| extern "C" void std::exit (int) throw (); using std::exit;
| #endif
| /* end confdefs.h.  */
| #include <ac_nonexistent.h>
configure:9874: result: g++ -E
configure:9898: g++ -E  conftest.cc
configure:9904: $? = 0
configure:9936: g++ -E  conftest.cc
conftest.cc:58:28: ac_nonexistent.h: No such file or directory
configure:9942: $? = 1
configure: failed program was:
| /* confdefs.h.  */
| 
| #define PACKAGE_NAME "deskbar"
| #define PACKAGE_TARNAME "deskbar"
| #define PACKAGE_VERSION "0.2"
| #define PACKAGE_STRING "deskbar 0.2"
| #define PACKAGE_BUGREPORT "unexist@hilflos.org"
| #define HAVE_DIRENT_H 1
| #define STDC_HEADERS 1
| #define HAVE_SYS_TYPES_H 1
| #define HAVE_SYS_STAT_H 1
| #define HAVE_STDLIB_H 1
| #define HAVE_STRING_H 1
| #define HAVE_MEMORY_H 1
| #define HAVE_STRINGS_H 1
| #define HAVE_INTTYPES_H 1
| #define HAVE_STDINT_H 1
| #define HAVE_UNISTD_H 1
| #define HAVE_FCNTL_H 1
| #define HAVE_LIMITS_H 1
| #define HAVE_MALLOC_H 1
| #define HAVE_MEMORY_H 1
| #define HAVE_SYS_TIME_H 1
| #define HAVE_UNISTD_H 1
| #define TIME_WITH_SYS_TIME 1
| #define HAVE_ALLOCA_H 1
| #define HAVE_ALLOCA 1
| #define HAVE_MBSTATE_T 1
| #define HAVE_UNISTD_H 1
| #define HAVE_FORK 1
| #define HAVE_VFORK 1
| #define HAVE_WORKING_VFORK 1
| #define HAVE_WORKING_FORK 1
| #define HAVE_STDLIB_H 1
| #define HAVE_MALLOC 1
| #define HAVE_STDLIB_H 1
| #define HAVE_REALLOC 1
| #define HAVE_SYS_SELECT_H 1
| #define HAVE_SYS_SOCKET_H 1
| #define SELECT_TYPE_ARG1 int
| #define SELECT_TYPE_ARG234 (fd_set *)
| #define SELECT_TYPE_ARG5 (struct timeval *)
| #define RETSIGTYPE void
| #define HAVE_STRFTIME 1
| #define HAVE_GETTIMEOFDAY 1
| #define HAVE_MEMMOVE 1
| #define HAVE_MEMSET 1
| #define HAVE_SELECT 1
| #define HAVE_STRCHR 1
| #define HAVE_STRDUP 1
| #define HAVE_STRERROR 1
| #define HAVE_STRRCHR 1
| #define HAVE_DLFCN_H 1
| #ifdef __cplusplus
| extern "C" void std::exit (int) throw (); using std::exit;
| #endif
| /* end confdefs.h.  */
| #include <ac_nonexistent.h>
configure:10039: checking for g77
configure:10055: found /usr/bin/g77
configure:10065: result: g77
configure:10080: checking for Fortran 77 compiler version
configure:10083: g77 --version </dev/null >&5
GNU Fortran (GCC) 3.3.5-20050130 (Gentoo Linux 3.3.5.20050130-r1, ssp-3.3.5.20050130-1, pie-8.7.7.1)
Copyright (C) 2002 Free Software Foundation, Inc.

GNU Fortran comes with NO WARRANTY, to the extent permitted by law.
You may redistribute copies of GNU Fortran
under the terms of the GNU General Public License.
For more information about these matters, see the file named COPYING
or type the command `info -f g77 Copying'.
configure:10086: $? = 0
configure:10088: g77 -v </dev/null >&5
Reading specs from /usr/lib/gcc-lib/i686-pc-linux-gnu/3.3.5-20050130/specs
Configured with: /var/tmp/portage/gcc-3.3.5.20050130-r1/work/gcc-3.3.5/configure --enable-version-specific-runtime-libs --prefix=/usr --bindir=/usr/i686-pc-linux-gnu/gcc-bin/3.3.5-20050130 --includedir=/usr/lib/gcc-lib/i686-pc-linux-gnu/3.3.5-20050130/include --datadir=/usr/share/gcc-data/i686-pc-linux-gnu/3.3.5-20050130 --mandir=/usr/share/gcc-data/i686-pc-linux-gnu/3.3.5-20050130/man --infodir=/usr/share/gcc-data/i686-pc-linux-gnu/3.3.5-20050130/info --with-gxx-include-dir=/usr/lib/gcc-lib/i686-pc-linux-gnu/3.3.5-20050130/include/g++-v3 --host=i686-pc-linux-gnu --disable-altivec --disable-nls --with-system-zlib --disable-checking --disable-werror --disable-libunwind-exceptions --disable-multilib --disable-libgcj --enable-languages=c,c++,f77 --enable-shared --enable-threads=posix --enable-__cxa_atexit --enable-clocale=gnu
Thread model: posix
gcc version 3.3.5-20050130 (Gentoo Linux 3.3.5.20050130-r1, ssp-3.3.5.20050130-1, pie-8.7.7.1)
configure:10091: $? = 0
configure:10093: g77 -V </dev/null >&5
g77: `-V' option must have argument
configure:10096: $? = 1
configure:10104: checking whether we are using the GNU Fortran 77 compiler
configure:10118: g77 -c  conftest.F >&5
configure:10124: $? = 0
configure:10128: test -z 
			 || test ! -s conftest.err
configure:10131: $? = 0
configure:10134: test -s conftest.o
configure:10137: $? = 0
configure:10150: result: yes
configure:10156: checking whether g77 accepts -g
configure:10168: g77 -c -g conftest.f >&5
configure:10174: $? = 0
configure:10178: test -z 
			 || test ! -s conftest.err
configure:10181: $? = 0
configure:10184: test -s conftest.o
configure:10187: $? = 0
configure:10199: result: yes
configure:10229: checking the maximum length of command line arguments
configure:10321: result: 32768
configure:10332: checking command to parse /usr/bin/nm -B output from gcc object
configure:10428: gcc -c -g -O2  conftest.c >&5
configure:10431: $? = 0
configure:10435: /usr/bin/nm -B conftest.o \| sed -n -e 's/^.*[ 	]\([ABCDGIRSTW][ABCDGIRSTW]*\)[ 	][ 	]*\([_A-Za-z][_A-Za-z0-9]*\)$/\1 \2 \2/p' \> conftest.nm
configure:10438: $? = 0
configure:10490: gcc -o conftest -g -O2   conftest.c conftstm.o >&5
configure:10493: $? = 0
configure:10531: result: ok
configure:10535: checking for objdir
configure:10550: result: .libs
configure:10640: checking for ar
configure:10656: found /usr/bin/ar
configure:10667: result: ar
configure:10720: checking for ranlib
configure:10736: found /usr/bin/ranlib
configure:10747: result: ranlib
configure:10800: checking for strip
configure:10816: found /usr/bin/strip
configure:10827: result: strip
configure:11049: checking for correct ltmain.sh version
configure:11079: result: yes
configure:11155: checking if gcc static flag  works
configure:11183: result: yes
configure:11201: checking if gcc supports -fno-rtti -fno-exceptions
configure:11219: gcc -c -g -O2  -fno-rtti -fno-exceptions conftest.c >&5
cc1: warning: "-fno-rtti" is valid for C++ but not for C/ObjC
configure:11223: $? = 0
configure:11236: result: no
configure:11251: checking for gcc option to produce PIC
configure:11455: result: -fPIC
configure:11463: checking if gcc PIC flag -fPIC works
configure:11481: gcc -c -g -O2  -fPIC -DPIC conftest.c >&5
configure:11485: $? = 0
configure:11498: result: yes
configure:11522: checking if gcc supports -c -o file.o
configure:11543: gcc -c -g -O2  -o out/conftest2.o conftest.c >&5
configure:11547: $? = 0
configure:11569: result: yes
configure:11595: checking whether the gcc linker (/usr/i686-pc-linux-gnu/bin/ld) supports shared libraries
configure:12491: result: yes
configure:12517: checking whether -lc should be explicitly linked in
configure:12522: gcc -c -g -O2  conftest.c >&5
configure:12525: $? = 0
configure:12539: gcc -shared conftest.o  -v -Wl,-soname -Wl,conftest -o conftest 2\>\&1 \| grep  -lc  \>/dev/null 2\>\&1
configure:12542: $? = 0
configure:12554: result: no
configure:12562: checking dynamic linker characteristics
configure:13163: result: GNU/Linux ld.so
configure:13167: checking how to hardcode library paths into programs
configure:13192: result: immediate
configure:13206: checking whether stripping libraries is possible
configure:13211: result: yes
configure:14041: checking if libtool supports shared libraries
configure:14043: result: yes
configure:14046: checking whether to build shared libraries
configure:14067: result: yes
configure:14070: checking whether to build static libraries
configure:14074: result: yes
configure:14166: creating libtool
configure:14744: checking for ld used by g++
configure:14811: result: /usr/i686-pc-linux-gnu/bin/ld
configure:14820: checking if the linker (/usr/i686-pc-linux-gnu/bin/ld) is GNU ld
configure:14835: result: yes
configure:14886: checking whether the g++ linker (/usr/i686-pc-linux-gnu/bin/ld) supports shared libraries
configure:15773: result: yes
configure:15791: g++ -c -g -O2  conftest.cc >&5
configure:15794: $? = 0
configure:15890: checking for g++ option to produce PIC
configure:16158: result: -fPIC
configure:16166: checking if g++ PIC flag -fPIC works
configure:16184: g++ -c -g -O2  -fPIC -DPIC conftest.cc >&5
configure:16188: $? = 0
configure:16201: result: yes
configure:16225: checking if g++ supports -c -o file.o
configure:16246: g++ -c -g -O2  -o out/conftest2.o conftest.cc >&5
configure:16250: $? = 0
configure:16272: result: yes
configure:16298: checking whether the g++ linker (/usr/i686-pc-linux-gnu/bin/ld) supports shared libraries
configure:16323: result: yes
configure:16394: checking dynamic linker characteristics
configure:16995: result: GNU/Linux ld.so
configure:16999: checking how to hardcode library paths into programs
configure:17024: result: immediate
configure:17038: checking whether stripping libraries is possible
configure:17043: result: yes
configure:18379: checking if libtool supports shared libraries
configure:18381: result: yes
configure:18384: checking whether to build shared libraries
configure:18404: result: yes
configure:18407: checking whether to build static libraries
configure:18411: result: yes
configure:18423: checking for g77 option to produce PIC
configure:18627: result: -fPIC
configure:18635: checking if g77 PIC flag -fPIC works
configure:18653: g77 -c -g -O2 -fPIC conftest.f >&5
configure:18657: $? = 0
configure:18670: result: yes
configure:18694: checking if g77 supports -c -o file.o
configure:18715: g77 -c -g -O2 -o out/conftest2.o conftest.f >&5
configure:18719: $? = 0
configure:18741: result: yes
configure:18767: checking whether the g77 linker (/usr/i686-pc-linux-gnu/bin/ld) supports shared libraries
configure:19643: result: yes
configure:19714: checking dynamic linker characteristics
configure:20315: result: GNU/Linux ld.so
configure:20319: checking how to hardcode library paths into programs
configure:20344: result: immediate
configure:20358: checking whether stripping libraries is possible
configure:20363: result: yes
configure:24704: checking for XOpenDisplay in -lX11
configure:24734: gcc -o conftest -g -O2      -ldl  -lSM -lICE conftest.c -lX11    -ldl >&5
configure:24740: $? = 0
configure:24744: test -z 
			 || test ! -s conftest.err
configure:24747: $? = 0
configure:24750: test -s conftest
configure:24753: $? = 0
configure:24766: result: yes
configure:24827: checking for pkg-config
configure:24845: found /usr/bin/pkg-config
configure:24857: result: /usr/bin/pkg-config
configure:24872: checking pkg-config is at least version 0.9.0
configure:24875: result: yes
configure:24886: checking for XML_CFLAGS
configure:24894: $PKG_CONFIG --exists "libxml-2.0 >= 2.6.0" >/dev/null 2>&1
configure:24897: $? = 0
configure:24907: result: -I/usr/include/libxml2  
configure:24909: checking for XML_LIBS
configure:24917: $PKG_CONFIG --exists "libxml-2.0 >= 2.6.0" >/dev/null 2>&1
configure:24920: $? = 0
configure:24930: result: -lxml2 -lpthread -lz -lm  
configure:24960: WARNING: Battery check overridden: Building battery plugin nevertheless!
configure:25039: checking xmms/xmmsctrl.h usability
configure:25061: result: yes
configure:25090: checking beep-media-player/bmp/beepctrl.h usability
configure:25112: result: yes
configure:25322: creating ./config.status

## ---------------------- ##
## Running config.status. ##
## ---------------------- ##

This file was extended by deskbar config.status 0.2, which was
generated by GNU Autoconf 2.59.  Invocation command line was

  CONFIG_FILES    = 
  CONFIG_HEADERS  = 
  CONFIG_LINKS    = 
  CONFIG_COMMANDS = 
  $ ./config.status 

on tallon

config.status:746: creating Makefile
config.status:746: creating deskbar-config
config.status:746: creating libdeskbar.pc
config.status:746: creating libdeskbar/Makefile
config.status:746: creating deskbar/Makefile
config.status:746: creating plugins/Makefile
config.status:746: creating xml/Makefile
config.status:850: creating config.h
config.status:1054: config.h is unchanged
config.status:1370: executing depfiles commands
config.status:1370: executing default commands
configure:26850: configuring in libltdl
configure:26967: running /bin/sh './configure' --prefix=/usr/local  '--enable-battery' '--enable-debug' '--disable-xmms' --cache-file=/dev/null --srcdir=.

## ---------------- ##
## Cache variables. ##
## ---------------- ##

ac_cv_build=i686-pc-linux-gnu
ac_cv_build_alias=i686-pc-linux-gnu
ac_cv_c_compiler_gnu=yes
ac_cv_c_const=yes
ac_cv_cxx_compiler_gnu=yes
ac_cv_env_CC_set=
ac_cv_env_CC_value=
ac_cv_env_CFLAGS_set=
ac_cv_env_CFLAGS_value=
ac_cv_env_CPPFLAGS_set=
ac_cv_env_CPPFLAGS_value=
ac_cv_env_CPP_set=
ac_cv_env_CPP_value=
ac_cv_env_CXXCPP_set=
ac_cv_env_CXXCPP_value=
ac_cv_env_CXXFLAGS_set=
ac_cv_env_CXXFLAGS_value=
ac_cv_env_CXX_set=
ac_cv_env_CXX_value=
ac_cv_env_F77_set=
ac_cv_env_F77_value=
ac_cv_env_FFLAGS_set=
ac_cv_env_FFLAGS_value=
ac_cv_env_LDFLAGS_set=
ac_cv_env_LDFLAGS_value=
ac_cv_env_PKG_CONFIG_set=
ac_cv_env_PKG_CONFIG_value=
ac_cv_env_XML_CFLAGS_set=
ac_cv_env_XML_CFLAGS_value=
ac_cv_env_XML_LIBS_set=
ac_cv_env_XML_LIBS_value=
ac_cv_env_build_alias_set=
ac_cv_env_build_alias_value=
ac_cv_env_host_alias_set=
ac_cv_env_host_alias_value=
ac_cv_env_target_alias_set=
ac_cv_env_target_alias_value=
ac_cv_exeext=
ac_cv_f77_compiler_gnu=yes
ac_cv_func_alloca_works=yes
ac_cv_func_closedir_void=no
ac_cv_func_connect=yes
ac_cv_func_fnmatch_works=yes
ac_cv_func_fork=yes
ac_cv_func_fork_works=yes
ac_cv_func_gethostbyname=yes
ac_cv_func_gettimeofday=yes
ac_cv_func_malloc_0_nonnull=yes
ac_cv_func_memmove=yes
ac_cv_func_memset=yes
ac_cv_func_realloc_0_nonnull=yes
ac_cv_func_remove=yes
ac_cv_func_select=yes
ac_cv_func_select_args='int,fd_set *,struct timeval *'
ac_cv_func_shmat=yes
ac_cv_func_strchr=yes
ac_cv_func_strdup=yes
ac_cv_func_strerror=yes
ac_cv_func_strftime=yes
ac_cv_func_strrchr=yes
ac_cv_func_vfork=yes
ac_cv_func_vfork_works=yes
ac_cv_have_x='have_x=yes 		ac_x_includes= ac_x_libraries='
ac_cv_header_dirent_dirent_h=yes
ac_cv_header_dlfcn_h=yes
ac_cv_header_fcntl_h=yes
ac_cv_header_inttypes_h=yes
ac_cv_header_limits_h=yes
ac_cv_header_malloc_h=yes
ac_cv_header_memory_h=yes
ac_cv_header_stdc=yes
ac_cv_header_stdint_h=yes
ac_cv_header_stdlib_h=yes
ac_cv_header_string_h=yes
ac_cv_header_strings_h=yes
ac_cv_header_sys_select_h=yes
ac_cv_header_sys_socket_h=yes
ac_cv_header_sys_stat_h=yes
ac_cv_header_sys_time_h=yes
ac_cv_header_sys_types_h=yes
ac_cv_header_time=yes
ac_cv_header_unistd_h=yes
ac_cv_header_vfork_h=no
ac_cv_host=i686-pc-linux-gnu
ac_cv_host_alias=i686-pc-linux-gnu
ac_cv_lib_ICE_IceConnectionNumber=yes
ac_cv_lib_X11_XOpenDisplay=yes
ac_cv_objext=o
ac_cv_path_ac_pt_PKG_CONFIG=/usr/bin/pkg-config
ac_cv_path_install='/usr/bin/install -c'
ac_cv_prog_AWK=gawk
ac_cv_prog_CPP='gcc -E'
ac_cv_prog_CXXCPP='g++ -E'
ac_cv_prog_ac_ct_AR=ar
ac_cv_prog_ac_ct_CC=gcc
ac_cv_prog_ac_ct_CXX=g++
ac_cv_prog_ac_ct_F77=g77
ac_cv_prog_ac_ct_RANLIB=ranlib
ac_cv_prog_ac_ct_STRIP=strip
ac_cv_prog_cc_g=yes
ac_cv_prog_cc_stdc=
ac_cv_prog_cxx_g=yes
ac_cv_prog_egrep='grep -E'
ac_cv_prog_f77_g=yes
ac_cv_prog_make_make_set=yes
ac_cv_search_opendir='none required'
ac_cv_struct_tm=time.h
ac_cv_type_mbstate_t=yes
ac_cv_type_pid_t=yes
ac_cv_type_signal=void
ac_cv_type_size_t=yes
ac_cv_working_alloca_h=yes
am_cv_CC_dependencies_compiler_type=gcc3
am_cv_CXX_dependencies_compiler_type=gcc3
lt_cv_cc_64bit_output=no
lt_cv_deplibs_check_method=pass_all
lt_cv_file_magic_cmd='$MAGIC_CMD'
lt_cv_file_magic_test_file=
lt_cv_ld_reload_flag=-r
lt_cv_objdir=.libs
lt_cv_path_LD=/usr/i686-pc-linux-gnu/bin/ld
lt_cv_path_LDCXX=/usr/i686-pc-linux-gnu/bin/ld
lt_cv_path_NM='/usr/bin/nm -B'
lt_cv_path_SED=/usr/bin/sed
lt_cv_prog_compiler_c_o=yes
lt_cv_prog_compiler_c_o_CXX=yes
lt_cv_prog_compiler_c_o_F77=yes
lt_cv_prog_compiler_rtti_exceptions=no
lt_cv_prog_gnu_ld=yes
lt_cv_prog_gnu_ldcxx=yes
lt_cv_sys_global_symbol_pipe='sed -n -e '\''s/^.*[ 	]\([ABCDGIRSTW][ABCDGIRSTW]*\)[ 	][ 	]*\([_A-Za-z][_A-Za-z0-9]*\)$/\1 \2 \2/p'\'''
lt_cv_sys_global_symbol_to_c_name_address='sed -n -e '\''s/^: \([^ ]*\) $/  {\"\1\", (lt_ptr) 0},/p'\'' -e '\''s/^[BCDEGRST] \([^ ]*\) \([^ ]*\)$/  {"\2", (lt_ptr) \&\2},/p'\'''
lt_cv_sys_global_symbol_to_cdecl='sed -n -e '\''s/^. .* \(.*\)$/extern int \1;/p'\'''
lt_cv_sys_max_cmd_len=32768
lt_lt_cv_prog_compiler_c_o='"yes"'
lt_lt_cv_prog_compiler_c_o_CXX='"yes"'
lt_lt_cv_prog_compiler_c_o_F77='"yes"'
lt_lt_cv_sys_global_symbol_pipe='"sed -n -e '\''s/^.*[ 	]\\([ABCDGIRSTW][ABCDGIRSTW]*\\)[ 	][ 	]*\\([_A-Za-z][_A-Za-z0-9]*\\)\$/\\1 \\2 \\2/p'\''"'
lt_lt_cv_sys_global_symbol_to_c_name_address='"sed -n -e '\''s/^: \\([^ ]*\\) \$/  {\\\"\\1\\\", (lt_ptr) 0},/p'\'' -e '\''s/^[BCDEGRST] \\([^ ]*\\) \\([^ ]*\\)\$/  {\"\\2\", (lt_ptr) \\&\\2},/p'\''"'
lt_lt_cv_sys_global_symbol_to_cdecl='"sed -n -e '\''s/^. .* \\(.*\\)\$/extern int \\1;/p'\''"'
pkg_cv_XML_CFLAGS='-I/usr/include/libxml2  '
pkg_cv_XML_LIBS='-lxml2 -lpthread -lz -lm  '

## ----------------- ##
## Output variables. ##
## ----------------- ##

ACLOCAL='${SHELL} /home/unexist/projects/deskbar-cvs/deskbar/missing --run aclocal-1.9'
ALLOCA=''
AMDEPBACKSLASH='\'
AMDEP_FALSE='#'
AMDEP_TRUE=''
AMTAR='${SHELL} /home/unexist/projects/deskbar-cvs/deskbar/missing --run tar'
AR='ar'
AUTOCONF='${SHELL} /home/unexist/projects/deskbar-cvs/deskbar/missing --run autoconf'
AUTOHEADER='${SHELL} /home/unexist/projects/deskbar-cvs/deskbar/missing --run autoheader'
AUTOMAKE='${SHELL} /home/unexist/projects/deskbar-cvs/deskbar/missing --run automake-1.9'
AWK='gawk'
CC='gcc'
CCDEPMODE='depmode=gcc3'
CFLAGS='-g -O2  -I/usr/include/libxml2  '
CPP='gcc -E'
CPPFLAGS=''
CXX='g++'
CXXCPP='g++ -E'
CXXDEPMODE='depmode=gcc3'
CXXFLAGS='-g -O2'
CYGPATH_W='echo'
DEFS='-DHAVE_CONFIG_H'
DEPDIR='.deps'
ECHO='echo'
ECHO_C=''
ECHO_N='-n'
ECHO_T=''
EGREP='grep -E'
EXEEXT=''
F77='g77'
FFLAGS='-g -O2'
HAVE_BAT_FALSE='#'
HAVE_BAT_TRUE=''
HAVE_BMP_FALSE='#'
HAVE_BMP_TRUE=''
HAVE_DEBUG_FALSE='#'
HAVE_DEBUG_TRUE=''
HAVE_XMMS_FALSE='#'
HAVE_XMMS_TRUE=''
INSTALL_DATA='${INSTALL} -m 644'
INSTALL_PROGRAM='${INSTALL}'
INSTALL_SCRIPT='${INSTALL}'
INSTALL_STRIP_PROGRAM='${SHELL} $(install_sh) -c -s'
LDFLAGS='   -ldl  -lSM -lICE'
LIBOBJS=''
LIBS='  -ldl -lX11 -lxml2 -lpthread -lz -lm  '
LIBTOOL='$(SHELL) $(top_builddir)/libtool'
LN_S='ln -s'
LTLIBOBJS=''
MAKEINFO='${SHELL} /home/unexist/projects/deskbar-cvs/deskbar/missing --run makeinfo'
OBJEXT='o'
PACKAGE='deskbar'
PACKAGE_BUGREPORT='unexist@hilflos.org'
PACKAGE_NAME='deskbar'
PACKAGE_STRING='deskbar 0.2'
PACKAGE_TARNAME='deskbar'
PACKAGE_VERSION='0.2'
PATH_SEPARATOR=':'
PKG_CONFIG='/usr/bin/pkg-config'
RANLIB='ranlib'
SET_MAKE=''
SHELL='/bin/sh'
STRIP='strip'
VERSION='0.2'
XML_CFLAGS='-I/usr/include/libxml2  '
XML_LIBS='-lxml2 -lpthread -lz -lm  '
X_CFLAGS=''
X_EXTRA_LIBS=''
X_LIBS=''
X_PRE_LIBS=' -lSM -lICE'
ac_ct_AR='ar'
ac_ct_CC='gcc'
ac_ct_CXX='g++'
ac_ct_F77='g77'
ac_ct_RANLIB='ranlib'
ac_ct_STRIP='strip'
ac_pt_PKG_CONFIG='/usr/bin/pkg-config'
am__fastdepCC_FALSE='#'
am__fastdepCC_TRUE=''
am__fastdepCXX_FALSE='#'
am__fastdepCXX_TRUE=''
am__include='include'
am__leading_dot='.'
am__quote=''
am__tar='${AMTAR} chof - "$$tardir"'
am__untar='${AMTAR} xf -'
bindir='${exec_prefix}/bin'
build='i686-pc-linux-gnu'
build_alias=''
build_cpu='i686'
build_os='linux-gnu'
build_vendor='pc'
datadir='${prefix}/share'
exec_prefix='${prefix}'
host='i686-pc-linux-gnu'
host_alias=''
host_cpu='i686'
host_os='linux-gnu'
host_vendor='pc'
includedir='${prefix}/include'
infodir='${prefix}/info'
install_sh='/home/unexist/projects/deskbar-cvs/deskbar/install-sh'
libdir='${exec_prefix}/lib'
libexecdir='${exec_prefix}/libexec'
localstatedir='${prefix}/var'
mandir='${prefix}/man'
mkdir_p='mkdir -p --'
oldincludedir='/usr/include'
plugindir='/usr/local/lib/deskbar'
prefix='/usr/local'
program_transform_name='s,x,x,'
sbindir='${exec_prefix}/sbin'
sharedir='/usr/local/share/deskbar'
sharedstatedir='${prefix}/com'
subdirs=' libltdl'
sysconfdir='${prefix}/etc'
target_alias=''

## ----------- ##
## confdefs.h. ##
## ----------- ##

#define HAVE_ALLOCA 1
#define HAVE_ALLOCA_H 1
#define HAVE_BAT 1
#define HAVE_BMP 1
#define HAVE_DEBUG 1
#define HAVE_DIRENT_H 1
#define HAVE_DLFCN_H 1
#define HAVE_FCNTL_H 1
#define HAVE_FORK 1
#define HAVE_GETTIMEOFDAY 1
#define HAVE_INTTYPES_H 1
#define HAVE_LIMITS_H 1
#define HAVE_MALLOC 1
#define HAVE_MALLOC_H 1
#define HAVE_MBSTATE_T 1
#define HAVE_MEMMOVE 1
#define HAVE_MEMORY_H 1
#define HAVE_MEMORY_H 1
#define HAVE_MEMSET 1
#define HAVE_REALLOC 1
#define HAVE_SELECT 1
#define HAVE_STDINT_H 1
#define HAVE_STDLIB_H 1
#define HAVE_STDLIB_H 1
#define HAVE_STDLIB_H 1
#define HAVE_STRCHR 1
#define HAVE_STRDUP 1
#define HAVE_STRERROR 1
#define HAVE_STRFTIME 1
#define HAVE_STRINGS_H 1
#define HAVE_STRING_H 1
#define HAVE_STRRCHR 1
#define HAVE_SYS_SELECT_H 1
#define HAVE_SYS_SOCKET_H 1
#define HAVE_SYS_STAT_H 1
#define HAVE_SYS_TIME_H 1
#define HAVE_SYS_TYPES_H 1
#define HAVE_UNISTD_H 1
#define HAVE_UNISTD_H 1
#define HAVE_UNISTD_H 1
#define HAVE_VFORK 1
#define HAVE_WORKING_FORK 1
#define HAVE_WORKING_VFORK 1
#define HAVE_XMMS 1
#define PACKAGE_BUGREPORT "unexist@hilflos.org"
#define PACKAGE_NAME "deskbar"
#define PACKAGE_STRING "deskbar 0.2"
#define PACKAGE_TARNAME "deskbar"
#define PACKAGE_VERSION "0.2"
#define PLUGIN_DIR "/usr/local/lib/deskbar"
#define RETSIGTYPE void
#define SELECT_TYPE_ARG1 int
#define SELECT_TYPE_ARG234 (fd_set *)
#define SELECT_TYPE_ARG5 (struct timeval *)
#define SHARE_DIR "/usr/local/share/deskbar"
#define STDC_HEADERS 1
#define TIME_WITH_SYS_TIME 1
#endif
#ifdef __cplusplus
extern "C" void std::exit (int) throw (); using std::exit;

configure: exit 0
